Running: /opt/Xilinx/14.7/ISE_DS/ISE/bin/lin64/unwrapped/fuse -intstyle ise -incremental -lib secureip -o /home/ise/ProyectosIse/MyAnd/myAnd_tb_isim_beh.exe -prj /home/ise/ProyectosIse/MyAnd/myAnd_tb_beh.prj work.myAnd_tb 
ISim P.20160913 (signature 0xfbc00daa)
Number of CPUs detected in this system: 1
Turning on mult-threading, number of parallel sub-compilation jobs: 0 
Determining compilation order of HDL files
Parsing VHDL file "/home/ise/ProyectosIse/MyAnd/myAnd.vhd" into library work
Parsing VHDL file "/home/ise/ProyectosIse/MyAnd/myAnd_tb.vhd" into library work
Starting static elaboration
Completed static elaboration
Fuse Memory Usage: 95304 KB
Fuse CPU Usage: 1150 ms
Compiling package standard
Compiling package std_logic_1164
Compiling architecture myandarch of entity myAnd [myand_default]
Compiling architecture behavior of entity myand_tb
Time Resolution for simulation is 1ps.
Compiled 5 VHDL Units
Built simulation executable /home/ise/ProyectosIse/MyAnd/myAnd_tb_isim_beh.exe
Fuse Memory Usage: 103920 KB
Fuse CPU Usage: 1180 ms
GCC CPU Usage: 510 ms
